  stdafx.c
  App.c
C:\Users\KGA_!6\Desktop\KimPDMurderCase\SDL Game Framework\SDL Game Framework\App.c(19,27): warning C4047: '==': 'void *'의 간접 참조 수준이 'int'과(와) 다릅니다.
C:\Users\KGA_!6\Desktop\KimPDMurderCase\SDL Game Framework\SDL Game Framework\App.c(26,29): warning C4047: '==': 'void *'의 간접 참조 수준이 'int'과(와) 다릅니다.
  Audio.c
C:\Users\KGA_!6\Desktop\KimPDMurderCase\SDL Game Framework\SDL Game Framework\Framework\Audio.c(38,23): warning C4244: '초기화 중': 'float'에서 'int32'(으)로 변환하면서 데이터가 손실될 수 있습니다.
C:\Users\KGA_!6\Desktop\KimPDMurderCase\SDL Game Framework\SDL Game Framework\Framework\Audio.c(152,49): warning C4244: '함수': 'float'에서 'int'(으)로 변환하면서 데이터가 손실될 수 있습니다.
C:\Users\KGA_!6\Desktop\KimPDMurderCase\SDL Game Framework\SDL Game Framework\Framework\Audio.c(151,23): warning C4244: '초기화 중': 'float'에서 'int32'(으)로 변환하면서 데이터가 손실될 수 있습니다.
  Image.c
  Input.c
  Random.c
C:\Users\KGA_!6\Desktop\KimPDMurderCase\SDL Game Framework\SDL Game Framework\Framework\Random.c(6,12): warning C4244: '함수': 'time_t'에서 'unsigned int'(으)로 변환하면서 데이터가 손실될 수 있습니다.
C:\Users\KGA_!6\Desktop\KimPDMurderCase\SDL Game Framework\SDL Game Framework\Framework\Random.c(13,30): warning C4244: '초기화 중': 'float'에서 'int32'(으)로 변환하면서 데이터가 손실될 수 있습니다.
  Renderer.c
C:\Users\KGA_!6\Desktop\KimPDMurderCase\SDL Game Framework\SDL Game Framework\Framework\Renderer.c(35,21): warning C4244: '초기화 중': 'const float'에서 'int'(으)로 변환하면서 데이터가 손실될 수 있습니다.
C:\Users\KGA_!6\Desktop\KimPDMurderCase\SDL Game Framework\SDL Game Framework\Framework\Renderer.c(36,22): warning C4244: '초기화 중': 'const float'에서 'int'(으)로 변환하면서 데이터가 손실될 수 있습니다.
C:\Users\KGA_!6\Desktop\KimPDMurderCase\SDL Game Framework\SDL Game Framework\Framework\Renderer.c(43,59): warning C4133: '함수': 'TTF_Font *const '과(와) 'TTF_Font *' 사이의 형식이 호환되지 않습니다.
C:\Users\KGA_!6\Desktop\KimPDMurderCase\SDL Game Framework\SDL Game Framework\Framework\Renderer.c(54,60): warning C4133: '함수': 'TTF_Font *const '과(와) 'TTF_Font *' 사이의 형식이 호환되지 않습니다.
C:\Users\KGA_!6\Desktop\KimPDMurderCase\SDL Game Framework\SDL Game Framework\Framework\Renderer.c(65,61): warning C4133: '함수': 'TTF_Font *const '과(와) 'TTF_Font *' 사이의 형식이 호환되지 않습니다.
  Scene.c
C:\Users\KGA_!6\Desktop\KimPDMurderCase\SDL Game Framework\SDL Game Framework\Framework\Scene.c(46,74): warning C4267: '함수': 'size_t'에서 'int32'(으)로 변환하면서 데이터가 손실될 수 있습니다.
C:\Users\KGA_!6\Desktop\KimPDMurderCase\SDL Game Framework\SDL Game Framework\Framework\Scene.c(203,75): warning C4267: '함수': 'size_t'에서 'int32'(으)로 변환하면서 데이터가 손실될 수 있습니다.
C:\Users\KGA_!6\Desktop\KimPDMurderCase\SDL Game Framework\SDL Game Framework\Framework\Scene.c(269,26): warning C4244: '+=': 'float'에서 'int32'(으)로 변환하면서 데이터가 손실될 수 있습니다.
C:\Users\KGA_!6\Desktop\KimPDMurderCase\SDL Game Framework\SDL Game Framework\Framework\Scene.c(274,26): warning C4244: '-=': 'float'에서 'int32'(으)로 변환하면서 데이터가 손실될 수 있습니다.
C:\Users\KGA_!6\Desktop\KimPDMurderCase\SDL Game Framework\SDL Game Framework\Framework\Scene.c(279,26): warning C4244: '-=': 'float'에서 'int32'(으)로 변환하면서 데이터가 손실될 수 있습니다.
C:\Users\KGA_!6\Desktop\KimPDMurderCase\SDL Game Framework\SDL Game Framework\Framework\Scene.c(284,26): warning C4244: '+=': 'float'에서 'int32'(으)로 변환하면서 데이터가 손실될 수 있습니다.
  Text.c
C:\Users\KGA_!6\Desktop\KimPDMurderCase\SDL Game Framework\SDL Game Framework\Framework\Text.c(37,26): warning C4133: '함수': 'TTF_Font *'과(와) 'TTF_Font *' 사이의 형식이 호환되지 않습니다.
C:\Users\KGA_!6\Desktop\KimPDMurderCase\SDL Game Framework\SDL Game Framework\Framework\Text.c(49,27): warning C4133: '함수': 'TTF_Font *'과(와) 'TTF_Font *' 사이의 형식이 호환되지 않습니다.
C:\Users\KGA_!6\Desktop\KimPDMurderCase\SDL Game Framework\SDL Game Framework\Framework\Text.c(54,45): warning C4133: '=': 'TTF_Font *'과(와) 'TTF_Font *' 사이의 형식이 호환되지 않습니다.
C:\Users\KGA_!6\Desktop\KimPDMurderCase\SDL Game Framework\SDL Game Framework\Framework\Text.c(59,29): warning C4133: '함수': 'TTF_Font *'과(와) 'TTF_Font *' 사이의 형식이 호환되지 않습니다.
C:\Users\KGA_!6\Desktop\KimPDMurderCase\SDL Game Framework\SDL Game Framework\Framework\Text.c(64,48): warning C4133: '함수': 'TTF_Font *const '과(와) 'const TTF_Font *' 사이의 형식이 호환되지 않습니다.
  Timer.c
C:\Users\KGA_!6\Desktop\KimPDMurderCase\SDL Game Framework\SDL Game Framework\Framework\Timer.c(10,20): warning C4244: '=': 'double'에서 'float'(으)로 변환하면서 데이터가 손실될 수 있습니다.
  Window.c
  Main.c
  코드를 생성하고 있습니다...
  SDL Game Framework.vcxproj -> C:\Users\KGA_!6\Desktop\KimPDMurderCase\SDL Game Framework\x64\Debug\SDL Game Framework.exe
  C:\Users\KGA_!6\Desktop\KimPDMurderCase\SDL Game Framework\External\Lib\SDL2\libFLAC-8.dll
  C:\Users\KGA_!6\Desktop\KimPDMurderCase\SDL Game Framework\External\Lib\SDL2\libjpeg-9.dll
  C:\Users\KGA_!6\Desktop\KimPDMurderCase\SDL Game Framework\External\Lib\SDL2\libmodplug-1.dll
  C:\Users\KGA_!6\Desktop\KimPDMurderCase\SDL Game Framework\External\Lib\SDL2\libmpg123-0.dll
  C:\Users\KGA_!6\Desktop\KimPDMurderCase\SDL Game Framework\External\Lib\SDL2\libogg-0.dll
  C:\Users\KGA_!6\Desktop\KimPDMurderCase\SDL Game Framework\External\Lib\SDL2\libopus-0.dll
  C:\Users\KGA_!6\Desktop\KimPDMurderCase\SDL Game Framework\External\Lib\SDL2\libopusfile-0.dll
  C:\Users\KGA_!6\Desktop\KimPDMurderCase\SDL Game Framework\External\Lib\SDL2\libpng16-16.dll
  C:\Users\KGA_!6\Desktop\KimPDMurderCase\SDL Game Framework\External\Lib\SDL2\libtiff-5.dll
  C:\Users\KGA_!6\Desktop\KimPDMurderCase\SDL Game Framework\External\Lib\SDL2\libvorbis-0.dll
  C:\Users\KGA_!6\Desktop\KimPDMurderCase\SDL Game Framework\External\Lib\SDL2\libvorbisfile-3.dll
  C:\Users\KGA_!6\Desktop\KimPDMurderCase\SDL Game Framework\External\Lib\SDL2\libwebp-7.dll
  C:\Users\KGA_!6\Desktop\KimPDMurderCase\SDL Game Framework\External\Lib\SDL2\SDL2.dll
  C:\Users\KGA_!6\Desktop\KimPDMurderCase\SDL Game Framework\External\Lib\SDL2\SDL2_image.dll
  C:\Users\KGA_!6\Desktop\KimPDMurderCase\SDL Game Framework\External\Lib\SDL2\SDL2_mixer.dll
  C:\Users\KGA_!6\Desktop\KimPDMurderCase\SDL Game Framework\External\Lib\SDL2\SDL2_ttf.dll
  C:\Users\KGA_!6\Desktop\KimPDMurderCase\SDL Game Framework\External\Lib\SDL2\zlib1.dll
         17개 파일이 복사되었습니다.
